# JRE version: Java(TM) SE Runtime Environment (8.0_241-b07) (build 1.8.0_241-b07)
# Java VM: Java HotSpot(TM) 64-Bit Server VM (25.241-b07 mixed mode linux-amd64 compressed oops)
Heap:
 PSYoungGen      total 33280K, used 17101K [0x00000000ec200000, 0x00000000ee500000, 0x0000000100000000)
  eden space 30720K, 55% used [0x00000000ec200000,0x00000000ed2b3658,0x00000000ee000000)
  from space 2560K, 0% used [0x00000000ee280000,0x00000000ee280000,0x00000000ee500000)
  to   space 2560K, 0% used [0x00000000ee000000,0x00000000ee000000,0x00000000ee280000)
 ParOldGen       total 28672K, used 6720K [0x00000000c4600000, 0x00000000c6200000, 0x00000000ec200000)
  object space 28672K, 23% used [0x00000000c4600000,0x00000000c4c90318,0x00000000c6200000)
 Metaspace       used 22494K, capacity 24742K, committed 24960K, reserved 1071104K
  class space    used 3432K, capacity 3887K, committed 3968K, reserved 1048576K
GC Heap History (10 events):
Event: 0,457 GC heap before
{Heap before GC invocations=1 (full 0):
 PSYoungGen      total 17920K, used 15360K [0x00000000ec200000, 0x00000000ed600000, 0x0000000100000000)
  eden space 15360K, 100% used [0x00000000ec200000,0x00000000ed100000,0x00000000ed100000)
  from space 2560K, 0% used [0x00000000ed380000,0x00000000ed380000,0x00000000ed600000)
  to   space 2560K, 0% used [0x00000000ed100000,0x00000000ed100000,0x00000000ed380000)
 ParOldGen       total 40960K, used 0K [0x00000000c4600000, 0x00000000c6e00000, 0x00000000ec200000)
  object space 40960K, 0% used [0x00000000c4600000,0x00000000c4600000,0x00000000c6e00000)
 Metaspace       used 9936K, capacity 10356K, committed 10624K, reserved 1058816K
  class space    used 1248K, capacity 1380K, committed 1408K, reserved 1048576K
Event: 0,461 GC heap after
Heap after GC invocations=1 (full 0):
 PSYoungGen      total 17920K, used 2528K [0x00000000ec200000, 0x00000000ed600000, 0x0000000100000000)
  eden space 15360K, 0% used [0x00000000ec200000,0x00000000ec200000,0x00000000ed100000)
  from space 2560K, 98% used [0x00000000ed100000,0x00000000ed378040,0x00000000ed380000)
  to   space 2560K, 0% used [0x00000000ed380000,0x00000000ed380000,0x00000000ed600000)
 ParOldGen       total 40960K, used 410K [0x00000000c4600000, 0x00000000c6e00000, 0x00000000ec200000)
  object space 40960K, 1% used [0x00000000c4600000,0x00000000c4666b30,0x00000000c6e00000)
 Metaspace       used 9936K, capacity 10356K, committed 10624K, reserved 1058816K
  class space    used 1248K, capacity 1380K, committed 1408K, reserved 1048576K
}
Event: 0,801 GC heap before
{Heap before GC invocations=2 (full 0):
 PSYoungGen      total 17920K, used 17888K [0x00000000ec200000, 0x00000000ed600000, 0x0000000100000000)
  eden space 15360K, 100% used [0x00000000ec200000,0x00000000ed100000,0x00000000ed100000)
  from space 2560K, 98% used [0x00000000ed100000,0x00000000ed378040,0x00000000ed380000)
  to   space 2560K, 0% used [0x00000000ed380000,0x00000000ed380000,0x00000000ed600000)
 ParOldGen       total 40960K, used 410K [0x00000000c4600000, 0x00000000c6e00000, 0x00000000ec200000)
  object space 40960K, 1% used [0x00000000c4600000,0x00000000c4666b30,0x00000000c6e00000)
 Metaspace       used 15185K, capacity 16248K, committed 16384K, reserved 1062912K
  class space    used 2227K, capacity 2434K, committed 2560K, reserved 1048576K
Event: 0,806 GC heap after
Heap after GC invocations=2 (full 0):
 PSYoungGen      total 17920K, used 2544K [0x00000000ec200000, 0x00000000ee500000, 0x0000000100000000)
  eden space 15360K, 0% used [0x00000000ec200000,0x00000000ec200000,0x00000000ed100000)
  from space 2560K, 99% used [0x00000000ed380000,0x00000000ed5fc030,0x00000000ed600000)
  to   space 2560K, 0% used [0x00000000ed100000,0x00000000ed100000,0x00000000ed380000)
 ParOldGen       total 40960K, used 3579K [0x00000000c4600000, 0x00000000c6e00000, 0x00000000ec200000)
  object space 40960K, 8% used [0x00000000c4600000,0x00000000c497ed40,0x00000000c6e00000)
 Metaspace       used 15185K, capacity 16248K, committed 16384K, reserved 1062912K
  class space    used 2227K, capacity 2434K, committed 2560K, reserved 1048576K
}
Event: 1,155 GC heap before
{Heap before GC invocations=3 (full 0):
 PSYoungGen      total 17920K, used 17904K [0x00000000ec200000, 0x00000000ee500000, 0x0000000100000000)
  eden space 15360K, 100% used [0x00000000ec200000,0x00000000ed100000,0x00000000ed100000)
  from space 2560K, 99% used [0x00000000ed380000,0x00000000ed5fc030,0x00000000ed600000)
  to   space 2560K, 0% used [0x00000000ed100000,0x00000000ed100000,0x00000000ed380000)
 ParOldGen       total 40960K, used 3579K [0x00000000c4600000, 0x00000000c6e00000, 0x00000000ec200000)
  object space 40960K, 8% used [0x00000000c4600000,0x00000000c497ed40,0x00000000c6e00000)
 Metaspace       used 19419K, capacity 21260K, committed 21296K, reserved 1067008K
  class space    used 3041K, capacity 3428K, committed 3456K, reserved 1048576K
Event: 1,161 GC heap after
Heap after GC invocations=3 (full 0):
 PSYoungGen      total 17920K, used 2528K [0x00000000ec200000, 0x00000000ee500000, 0x0000000100000000)
  eden space 15360K, 0% used [0x00000000ec200000,0x00000000ec200000,0x00000000ed100000)
  from space 2560K, 98% used [0x00000000ed100000,0x00000000ed378020,0x00000000ed380000)
  to   space 2560K, 0% used [0x00000000ee280000,0x00000000ee280000,0x00000000ee500000)
 ParOldGen       total 40960K, used 5889K [0x00000000c4600000, 0x00000000c6e00000, 0x00000000ec200000)
  object space 40960K, 14% used [0x00000000c4600000,0x00000000c4bc04e8,0x00000000c6e00000)
 Metaspace       used 19419K, capacity 21260K, committed 21296K, reserved 1067008K
  class space    used 3041K, capacity 3428K, committed 3456K, reserved 1048576K
}
Event: 1,162 GC heap before
{Heap before GC invocations=4 (full 0):
 PSYoungGen      total 17920K, used 2802K [0x00000000ec200000, 0x00000000ee500000, 0x0000000100000000)
  eden space 15360K, 1% used [0x00000000ec200000,0x00000000ec244b48,0x00000000ed100000)
  from space 2560K, 98% used [0x00000000ed100000,0x00000000ed378020,0x00000000ed380000)
  to   space 2560K, 0% used [0x00000000ee280000,0x00000000ee280000,0x00000000ee500000)
 ParOldGen       total 40960K, used 5889K [0x00000000c4600000, 0x00000000c6e00000, 0x00000000ec200000)
  object space 40960K, 14% used [0x00000000c4600000,0x00000000c4bc04e8,0x00000000c6e00000)
 Metaspace       used 19425K, capacity 21268K, committed 21296K, reserved 1067008K
  class space    used 3042K, capacity 3430K, committed 3456K, reserved 1048576K
Event: 1,166 GC heap after
Heap after GC invocations=4 (full 0):
 PSYoungGen      total 33280K, used 2144K [0x00000000ec200000, 0x00000000ee500000, 0x0000000100000000)
  eden space 30720K, 0% used [0x00000000ec200000,0x00000000ec200000,0x00000000ee000000)
  from space 2560K, 83% used [0x00000000ee280000,0x00000000ee498010,0x00000000ee500000)
  to   space 2560K, 0% used [0x00000000ee000000,0x00000000ee000000,0x00000000ee280000)
 ParOldGen       total 40960K, used 6337K [0x00000000c4600000, 0x00000000c6e00000, 0x00000000ec200000)
  object space 40960K, 15% used [0x00000000c4600000,0x00000000c4c304f8,0x00000000c6e00000)
 Metaspace       used 19425K, capacity 21268K, committed 21296K, reserved 1067008K
  class space    used 3042K, capacity 3430K, committed 3456K, reserved 1048576K
}
Event: 1,166 GC heap before
{Heap before GC invocations=5 (full 1):
 PSYoungGen      total 33280K, used 2144K [0x00000000ec200000, 0x00000000ee500000, 0x0000000100000000)
  eden space 30720K, 0% used [0x00000000ec200000,0x00000000ec200000,0x00000000ee000000)
  from space 2560K, 83% used [0x00000000ee280000,0x00000000ee498010,0x00000000ee500000)
  to   space 2560K, 0% used [0x00000000ee000000,0x00000000ee000000,0x00000000ee280000)
 ParOldGen       total 40960K, used 6337K [0x00000000c4600000, 0x00000000c6e00000, 0x00000000ec200000)
  object space 40960K, 15% used [0x00000000c4600000,0x00000000c4c304f8,0x00000000c6e00000)
 Metaspace       used 19425K, capacity 21268K, committed 21296K, reserved 1067008K
  class space    used 3042K, capacity 3430K, committed 3456K, reserved 1048576K
Event: 1,206 GC heap after
Heap after GC invocations=5 (full 1):
 PSYoungGen      total 33280K, used 0K [0x00000000ec200000, 0x00000000ee500000, 0x0000000100000000)
  eden space 30720K, 0% used [0x00000000ec200000,0x00000000ec200000,0x00000000ee000000)
  from space 2560K, 0% used [0x00000000ee280000,0x00000000ee280000,0x00000000ee500000)
  to   space 2560K, 0% used [0x00000000ee000000,0x00000000ee000000,0x00000000ee280000)
 ParOldGen       total 28672K, used 6720K [0x00000000c4600000, 0x00000000c6200000, 0x00000000ec200000)
  object space 28672K, 23% used [0x00000000c4600000,0x00000000c4c90318,0x00000000c6200000)
 Metaspace       used 19425K, capacity 21268K, committed 21296K, reserved 1067008K
  class space    used 3042K, capacity 3430K, committed 3456K, reserved 1048576K
}

